
time: Wed Apr 08 2020 11:08:01 GMT+0800 (GMT+08:00) - request url: /redis/key - host: localhost:8889
time: Wed Apr 08 2020 11:09:44 GMT+0800 (GMT+08:00) - request url: /redis/data - host: localhost:8889
time: Wed Apr 08 2020 11:11:59 GMT+0800 (GMT+08:00) - request url: /graphql - host: localhost:8889
time: Mon Apr 13 2020 16:42:40 GMT+0800 (GMT+08:00) - request url: / - host: localhost:8889
time: Mon Apr 13 2020 16:45:38 GMT+0800 (GMT+08:00) - request url: /undefined/ - host: localhost:5000
time: Mon Apr 13 2020 16:46:10 GMT+0800 (GMT+08:00) - request url: / - host: localhost:8889
time: Mon Apr 13 2020 16:48:32 GMT+0800 (GMT+08:00) - request url: / - host: localhost:8889
time: Mon Apr 13 2020 23:55:05 GMT+0800 (GMT+08:00) - request url: /graphql - host: localhost:8889
time: Tue Apr 14 2020 00:11:37 GMT+0800 (GMT+08:00) - request url: /record - host: localhost:8889
time: Tue Apr 14 2020 00:13:30 GMT+0800 (GMT+08:00) - request url: /record - host: localhost:8889
time: Tue Apr 14 2020 00:14:08 GMT+0800 (GMT+08:00) - request url: /record - host: localhost:8889
time: Tue Apr 14 2020 00:14:49 GMT+0800 (GMT+08:00) - request url: /redis/key - host: localhost:5000
time: Tue Apr 14 2020 00:15:58 GMT+0800 (GMT+08:00) - request url: /record - host: localhost:8889
time: Tue Apr 14 2020 00:17:34 GMT+0800 (GMT+08:00) - request url: /record - host: localhost:8889
time: Tue Apr 14 2020 00:17:41 GMT+0800 (GMT+08:00) - request url: /record - host: localhost:8889
time: Tue Apr 14 2020 00:18:08 GMT+0800 (GMT+08:00) - request url: /record - host: localhost:8889
time: Tue Apr 14 2020 00:18:17 GMT+0800 (GMT+08:00) - request url: /redis/key - host: localhost:5000
time: Tue Apr 14 2020 00:18:28 GMT+0800 (GMT+08:00) - request url: /redis - host: localhost:8889
time: Tue Apr 14 2020 00:19:10 GMT+0800 (GMT+08:00) - request url: /redis/key - host: localhost:8889
time: Tue Apr 14 2020 00:19:52 GMT+0800 (GMT+08:00) - request url: /redis/key - host: localhost:8889
time: Tue Apr 14 2020 00:20:30 GMT+0800 (GMT+08:00) - request url: /redis/key - host: localhost:8889
time: Tue Apr 14 2020 00:20:59 GMT+0800 (GMT+08:00) - request url: /record - host: localhost:8889
time: Tue Apr 14 2020 00:21:37 GMT+0800 (GMT+08:00) - request url: /record - host: localhost:8889
time: Tue Apr 14 2020 00:21:45 GMT+0800 (GMT+08:00) - request url: /graphql - host: localhost:8889
time: Tue Apr 14 2020 00:24:33 GMT+0800 (GMT+08:00) - request url: /record - host: localhost:8889
time: Tue Apr 14 2020 00:24:37 GMT+0800 (GMT+08:00) - request url: /redis/key - host: localhost:8889
time: Tue Apr 14 2020 00:25:34 GMT+0800 (GMT+08:00) - request url: /redis/key - host: localhost:8889
time: Tue Apr 14 2020 00:26:15 GMT+0800 (GMT+08:00) - request url: /redis/key - host: localhost:8889
time: Tue Apr 14 2020 00:26:39 GMT+0800 (GMT+08:00) - request url: /redis/key - host: localhost:8889
time: Tue Apr 14 2020 00:26:54 GMT+0800 (GMT+08:00) - request url: /redis/key - host: localhost:8889
time: Tue Apr 14 2020 00:27:09 GMT+0800 (GMT+08:00) - request url: /redis/key - host: localhost:8889
time: Tue Apr 14 2020 00:27:34 GMT+0800 (GMT+08:00) - request url: /redis/key - host: localhost:8889
time: Tue Apr 14 2020 00:28:08 GMT+0800 (GMT+08:00) - request url: /redis/key - host: localhost:8889
time: Tue Apr 14 2020 00:29:59 GMT+0800 (GMT+08:00) - request url: /redis/key - host: localhost:8889
time: Tue Apr 14 2020 00:30:25 GMT+0800 (GMT+08:00) - request url: /redis/key - host: localhost:8889
time: Tue Apr 14 2020 00:30:39 GMT+0800 (GMT+08:00) - request url: /record - host: localhost:8889
time: Tue Apr 14 2020 00:33:49 GMT+0800 (GMT+08:00) - request url: /record - host: localhost:8889
time: Tue Apr 14 2020 00:34:16 GMT+0800 (GMT+08:00) - request url: /record - host: localhost:8889
time: Tue Apr 14 2020 00:35:12 GMT+0800 (GMT+08:00) - request url: /record - host: localhost:8889
time: Tue Apr 14 2020 00:35:29 GMT+0800 (GMT+08:00) - request url: /record - host: localhost:8889
time: Tue Apr 14 2020 00:39:18 GMT+0800 (GMT+08:00) - request url: /record - host: localhost:8889
time: Tue Apr 14 2020 00:40:13 GMT+0800 (GMT+08:00) - request url: /record - host: localhost:8889
time: Thu Apr 16 2020 21:18:43 GMT+0800 (GMT+08:00) - request url: /redis/key - host: localhost:8889
time: Thu Apr 16 2020 21:19:36 GMT+0800 (GMT+08:00) - request url: /redis/key - host: localhost:8889
time: Thu Apr 16 2020 21:21:40 GMT+0800 (GMT+08:00) - request url: /redis/test1 - host: localhost:8889
time: Thu Apr 16 2020 21:24:09 GMT+0800 (GMT+08:00) - request url: /redis/test1 - host: localhost:8889
time: Thu Apr 16 2020 22:18:48 GMT+0800 (GMT+08:00) - request url: /redis/test1 - host: localhost:8889
time: Thu Apr 16 2020 22:19:29 GMT+0800 (GMT+08:00) - request url: /redis/test1 - host: localhost:8889
time: Thu Apr 16 2020 22:20:37 GMT+0800 (GMT+08:00) - request url: /redis/test1 - host: localhost:8889
time: Thu Apr 16 2020 22:21:06 GMT+0800 (GMT+08:00) - request url: /redis/test112 - host: localhost:8889
time: Thu Apr 16 2020 22:21:35 GMT+0800 (GMT+08:00) - request url: /redis/test112 - host: localhost:8889
time: Thu Apr 16 2020 22:22:15 GMT+0800 (GMT+08:00) - request url: /redis/data - host: localhost:8889
time: Thu Apr 16 2020 22:23:00 GMT+0800 (GMT+08:00) - request url: /redis/test000 - host: localhost:8889
time: Thu Apr 16 2020 22:23:55 GMT+0800 (GMT+08:00) - request url: /record - host: localhost:8889
time: Thu Apr 16 2020 22:26:17 GMT+0800 (GMT+08:00) - request url: /record - host: localhost:8889
time: Thu Apr 16 2020 22:26:53 GMT+0800 (GMT+08:00) - request url: /record - host: localhost:8889
time: Thu Apr 16 2020 23:08:25 GMT+0800 (GMT+08:00) - request url: /record - host: localhost:8889
time: Thu Apr 16 2020 23:09:13 GMT+0800 (GMT+08:00) - request url: /record - host: localhost:8889
time: Thu Apr 16 2020 23:11:21 GMT+0800 (GMT+08:00) - request url: /record - host: localhost:8889
time: Thu Apr 16 2020 23:13:32 GMT+0800 (GMT+08:00) - request url: /record - host: localhost:8889
time: Thu Apr 16 2020 23:19:29 GMT+0800 (GMT+08:00) - request url: /record - host: localhost:8889
time: Thu Apr 16 2020 23:21:02 GMT+0800 (GMT+08:00) - request url: /record - host: localhost:8889
time: Thu Apr 16 2020 23:27:28 GMT+0800 (GMT+08:00) - request url: /record - host: localhost:8889
time: Thu Apr 16 2020 23:28:13 GMT+0800 (GMT+08:00) - request url: /record - host: localhost:8889
time: Thu Apr 16 2020 23:29:04 GMT+0800 (GMT+08:00) - request url: /record - host: localhost:8889
time: Thu Apr 16 2020 23:31:38 GMT+0800 (GMT+08:00) - request url: /record - host: localhost:8889
time: Thu Apr 16 2020 23:36:56 GMT+0800 (GMT+08:00) - request url: /record - host: localhost:8889
time: Thu Apr 16 2020 23:41:12 GMT+0800 (GMT+08:00) - request url: /record - host: localhost:8889
time: Thu Apr 16 2020 23:43:33 GMT+0800 (GMT+08:00) - request url: /record - host: localhost:8889
time: Thu Apr 16 2020 23:48:23 GMT+0800 (GMT+08:00) - request url: /record/id - host: localhost:8889
time: Thu Apr 16 2020 23:52:34 GMT+0800 (GMT+08:00) - request url: /record/id - host: localhost:8889
time: Thu Apr 16 2020 23:53:06 GMT+0800 (GMT+08:00) - request url: /record/id - host: localhost:8889
time: Thu Apr 16 2020 23:55:02 GMT+0800 (GMT+08:00) - request url: /record - host: localhost:8889
time: Thu Apr 16 2020 23:55:21 GMT+0800 (GMT+08:00) - request url: /record/id - host: localhost:8889
time: Thu Apr 16 2020 23:56:34 GMT+0800 (GMT+08:00) - request url: /record/id - host: localhost:8889
time: Thu Apr 16 2020 23:57:29 GMT+0800 (GMT+08:00) - request url: /record - host: localhost:8889
time: Thu Apr 16 2020 23:57:39 GMT+0800 (GMT+08:00) - request url: /record/id - host: localhost:8889
time: Fri Apr 17 2020 00:00:12 GMT+0800 (GMT+08:00) - request url: /record/id - host: localhost:8889
time: Fri Apr 17 2020 00:00:29 GMT+0800 (GMT+08:00) - request url: /record/id - host: localhost:8889
time: Fri Apr 17 2020 00:01:58 GMT+0800 (GMT+08:00) - request url: /record/id - host: localhost:8889
time: Fri Apr 17 2020 00:02:01 GMT+0800 (GMT+08:00) - request url: /record/id - host: localhost:8889
time: Fri Apr 17 2020 00:02:40 GMT+0800 (GMT+08:00) - request url: /record/id - host: localhost:8889
time: Fri Apr 17 2020 00:07:16 GMT+0800 (GMT+08:00) - request url: /record/id - host: localhost:8889
time: Fri Apr 17 2020 00:25:10 GMT+0800 (GMT+08:00) - request url: /record/id - host: localhost:8889
time: Fri Apr 17 2020 00:25:26 GMT+0800 (GMT+08:00) - request url: /record/id - host: localhost:8889
time: Fri Apr 17 2020 00:26:07 GMT+0800 (GMT+08:00) - request url: /record/id - host: localhost:8889
time: Fri Apr 17 2020 00:26:11 GMT+0800 (GMT+08:00) - request url: /record/id - host: localhost:8889
time: Fri Apr 17 2020 00:26:41 GMT+0800 (GMT+08:00) - request url: /record/id - host: localhost:8889
time: Fri Apr 17 2020 00:26:51 GMT+0800 (GMT+08:00) - request url: /record - host: localhost:8889
time: Fri Apr 17 2020 00:26:56 GMT+0800 (GMT+08:00) - request url: /record/id - host: localhost:8889
time: Fri Apr 17 2020 00:27:03 GMT+0800 (GMT+08:00) - request url: /record/id - host: localhost:8889
time: Fri Apr 17 2020 00:27:53 GMT+0800 (GMT+08:00) - request url: /record/id - host: localhost:8889
time: Fri Apr 17 2020 00:27:58 GMT+0800 (GMT+08:00) - request url: /record/id - host: localhost:8889
time: Fri Apr 17 2020 00:28:04 GMT+0800 (GMT+08:00) - request url: /record/id - host: localhost:8889
time: Fri Apr 17 2020 00:28:13 GMT+0800 (GMT+08:00) - request url: /record/id - host: localhost:8889
time: Fri Apr 17 2020 00:28:18 GMT+0800 (GMT+08:00) - request url: /record/id - host: localhost:8889
time: Fri Apr 17 2020 00:28:28 GMT+0800 (GMT+08:00) - request url: /record - host: localhost:8889
time: Fri Apr 17 2020 00:28:36 GMT+0800 (GMT+08:00) - request url: /record/id - host: localhost:8889
time: Fri Apr 17 2020 00:28:41 GMT+0800 (GMT+08:00) - request url: /record/id - host: localhost:8889
time: Fri Apr 17 2020 00:30:27 GMT+0800 (GMT+08:00) - request url: /record - host: localhost:8889
time: Fri Apr 17 2020 00:30:31 GMT+0800 (GMT+08:00) - request url: /record - host: localhost:8889
time: Fri Apr 17 2020 00:30:52 GMT+0800 (GMT+08:00) - request url: /record/id - host: localhost:8889
time: Fri Apr 17 2020 00:31:31 GMT+0800 (GMT+08:00) - request url: /record/id - host: localhost:8889
time: Fri Apr 17 2020 00:32:22 GMT+0800 (GMT+08:00) - request url: /record/id - host: localhost:8889
time: Fri Apr 17 2020 00:34:38 GMT+0800 (GMT+08:00) - request url: /record/id - host: localhost:8889
time: Fri Apr 17 2020 00:53:34 GMT+0800 (GMT+08:00) - request url: /record/id - host: localhost:8889
time: Fri Apr 17 2020 00:54:06 GMT+0800 (GMT+08:00) - request url: /record/id - host: localhost:8889
time: Fri Apr 17 2020 00:55:30 GMT+0800 (GMT+08:00) - request url: /record/id - host: localhost:8889
time: Fri Apr 17 2020 01:09:08 GMT+0800 (GMT+08:00) - request url: /record/id - host: localhost:8889
time: Fri Apr 17 2020 01:09:15 GMT+0800 (GMT+08:00) - request url: /record/id - host: localhost:8889
time: Fri Apr 17 2020 01:09:21 GMT+0800 (GMT+08:00) - request url: /record - host: localhost:8889
time: Fri Apr 17 2020 01:09:27 GMT+0800 (GMT+08:00) - request url: /record - host: localhost:8889
time: Fri Apr 17 2020 01:09:35 GMT+0800 (GMT+08:00) - request url: /record/id - host: localhost:8889
time: Fri Apr 17 2020 15:57:38 GMT+0800 (GMT+08:00) - request url: /record/id - host: localhost:8889
time: Fri Apr 17 2020 15:57:51 GMT+0800 (GMT+08:00) - request url: /record - host: localhost:8889
time: Fri Apr 17 2020 15:58:35 GMT+0800 (GMT+08:00) - request url: /record/id - host: localhost:8889
time: Fri Apr 17 2020 16:02:58 GMT+0800 (GMT+08:00) - request url: /graphql - host: localhost:8889
time: Fri Apr 17 2020 16:08:17 GMT+0800 (GMT+08:00) - request url: /graphql - host: localhost:8889
time: Fri Apr 17 2020 16:08:58 GMT+0800 (GMT+08:00) - request url: /graphql - host: localhost:8889
time: Fri Apr 17 2020 16:09:58 GMT+0800 (GMT+08:00) - request url: /graphql - host: localhost:8889
time: Fri Apr 17 2020 16:10:29 GMT+0800 (GMT+08:00) - request url: /graphql - host: localhost:8889
time: Fri Apr 17 2020 16:11:22 GMT+0800 (GMT+08:00) - request url: /graphql - host: localhost:8889
time: Fri Apr 17 2020 16:13:15 GMT+0800 (GMT+08:00) - request url: /graphql - host: localhost:8889
time: Fri Apr 17 2020 21:11:25 GMT+0800 (GMT+08:00) - request url: /graphql - host: localhost:8889
time: Fri Apr 17 2020 21:13:47 GMT+0800 (GMT+08:00) - request url: /graphql - host: localhost:8889
time: Fri Apr 17 2020 21:14:58 GMT+0800 (GMT+08:00) - request url: /graphql - host: localhost:8889
time: Fri Apr 17 2020 21:16:34 GMT+0800 (GMT+08:00) - request url: /graphql - host: localhost:8889
time: Fri Apr 17 2020 21:17:20 GMT+0800 (GMT+08:00) - request url: /graphql - host: localhost:8889
time: Fri Apr 17 2020 21:18:41 GMT+0800 (GMT+08:00) - request url: /graphql - host: localhost:8889
time: Fri Apr 17 2020 21:20:25 GMT+0800 (GMT+08:00) - request url: /graphql - host: localhost:8889
time: Fri Apr 17 2020 21:21:28 GMT+0800 (GMT+08:00) - request url: /graphql - host: localhost:8889
time: Fri Apr 17 2020 21:21:58 GMT+0800 (GMT+08:00) - request url: /graphql - host: localhost:8889
time: Fri Apr 17 2020 21:23:21 GMT+0800 (GMT+08:00) - request url: /graphql - host: localhost:8889
time: Fri Apr 17 2020 21:25:56 GMT+0800 (GMT+08:00) - request url: /graphql - host: localhost:8889
time: Fri Apr 17 2020 21:28:46 GMT+0800 (GMT+08:00) - request url: /graphql - host: localhost:8889
time: Fri Apr 17 2020 21:29:06 GMT+0800 (GMT+08:00) - request url: /graphql - host: localhost:8889
time: Fri Apr 17 2020 21:29:32 GMT+0800 (GMT+08:00) - request url: /graphql - host: localhost:8889
time: Fri Apr 17 2020 21:30:31 GMT+0800 (GMT+08:00) - request url: /graphql - host: localhost:8889
time: Fri Apr 17 2020 21:31:43 GMT+0800 (GMT+08:00) - request url: /graphql - host: localhost:8889
time: Fri Apr 17 2020 21:35:00 GMT+0800 (GMT+08:00) - request url: /record - host: localhost:8889
time: Fri Apr 17 2020 21:35:14 GMT+0800 (GMT+08:00) - request url: /graphql - host: localhost:8889
time: Fri Apr 17 2020 21:49:17 GMT+0800 (GMT+08:00) - request url: /record/id - host: localhost:8889
time: Fri Apr 17 2020 21:49:23 GMT+0800 (GMT+08:00) - request url: /record/name - host: localhost:8889
time: Fri Apr 17 2020 21:49:48 GMT+0800 (GMT+08:00) - request url: /record - host: localhost:8889
time: Fri Apr 17 2020 21:51:23 GMT+0800 (GMT+08:00) - request url: /record - host: localhost:8889
time: Fri Apr 17 2020 21:51:57 GMT+0800 (GMT+08:00) - request url: /record - host: localhost:8889
time: Fri Apr 17 2020 21:52:32 GMT+0800 (GMT+08:00) - request url: /record - host: localhost:8889
time: Fri Apr 17 2020 21:54:03 GMT+0800 (GMT+08:00) - request url: /graphql - host: localhost:8889
time: Fri Apr 17 2020 21:57:27 GMT+0800 (GMT+08:00) - request url: /graphql - host: localhost:8889
time: Fri Apr 17 2020 22:00:35 GMT+0800 (GMT+08:00) - request url: /graphql - host: localhost:8889
time: Fri Apr 17 2020 22:01:31 GMT+0800 (GMT+08:00) - request url: /graphql - host: localhost:8889
time: Fri Apr 17 2020 22:01:57 GMT+0800 (GMT+08:00) - request url: /graphql - host: localhost:8889
time: Fri Apr 17 2020 22:02:07 GMT+0800 (GMT+08:00) - request url: /graphql - host: localhost:8889
time: Fri Apr 17 2020 22:02:23 GMT+0800 (GMT+08:00) - request url: /graphql - host: localhost:8889
time: Fri Apr 17 2020 22:02:38 GMT+0800 (GMT+08:00) - request url: /graphql - host: localhost:8889
time: Fri Apr 17 2020 22:03:01 GMT+0800 (GMT+08:00) - request url: /graphql - host: localhost:8889
time: Fri Apr 17 2020 22:03:24 GMT+0800 (GMT+08:00) - request url: /graphql - host: localhost:8889
time: Fri Apr 17 2020 22:03:38 GMT+0800 (GMT+08:00) - request url: /graphql - host: localhost:8889
time: Fri Apr 17 2020 22:04:33 GMT+0800 (GMT+08:00) - request url: /graphql - host: localhost:8889
time: Fri Apr 17 2020 22:04:52 GMT+0800 (GMT+08:00) - request url: /graphql - host: localhost:8889
time: Fri Apr 17 2020 22:07:55 GMT+0800 (GMT+08:00) - request url: /graphql - host: localhost:8889
time: Fri Apr 17 2020 22:09:10 GMT+0800 (GMT+08:00) - request url: /graphql - host: localhost:8889
time: Fri Apr 17 2020 22:09:50 GMT+0800 (GMT+08:00) - request url: /graphql - host: localhost:8889
time: Fri Apr 17 2020 22:11:03 GMT+0800 (GMT+08:00) - request url: /graphql - host: localhost:8889
time: Fri Apr 17 2020 22:11:27 GMT+0800 (GMT+08:00) - request url: /graphql - host: localhost:8889
time: Fri Apr 17 2020 22:12:05 GMT+0800 (GMT+08:00) - request url: /graphql - host: localhost:8889
time: Fri Apr 17 2020 22:12:20 GMT+0800 (GMT+08:00) - request url: /graphql - host: localhost:8889
time: Sun Apr 19 2020 15:38:09 GMT+0800 (GMT+08:00) - request url: /graphql - host: localhost:8889
time: Sun Apr 19 2020 15:38:09 GMT+0800 (GMT+08:00) - request url: /graphql - host: localhost:8889
time: Sun Apr 19 2020 15:38:24 GMT+0800 (GMT+08:00) - request url: /graphql - host: localhost:8889
time: Sun Apr 19 2020 15:38:24 GMT+0800 (GMT+08:00) - request url: /graphql - host: localhost:8889
time: Sun Apr 19 2020 15:42:33 GMT+0800 (GMT+08:00) - request url: /graphql - host: localhost:8889
time: Sun Apr 19 2020 15:42:33 GMT+0800 (GMT+08:00) - request url: /graphql - host: localhost:8889
time: Sun Apr 19 2020 15:44:04 GMT+0800 (GMT+08:00) - request url: /graphql - host: localhost:8889
time: Sun Apr 19 2020 15:44:04 GMT+0800 (GMT+08:00) - request url: /graphql - host: localhost:8889
time: Sun Apr 19 2020 16:02:41 GMT+0800 (GMT+08:00) - request url: /graphql - host: localhost:8889
time: Sun Apr 19 2020 16:02:41 GMT+0800 (GMT+08:00) - request url: /graphql - host: localhost:8889
time: Sun Apr 19 2020 16:02:51 GMT+0800 (GMT+08:00) - request url: /graphql - host: localhost:8889
time: Sun Apr 19 2020 16:02:51 GMT+0800 (GMT+08:00) - request url: /graphql - host: localhost:8889
time: Sun Apr 19 2020 16:03:04 GMT+0800 (GMT+08:00) - request url: /graphql - host: localhost:8889
time: Sun Apr 19 2020 16:03:04 GMT+0800 (GMT+08:00) - request url: /graphql - host: localhost:8889
time: Sun Apr 19 2020 16:03:04 GMT+0800 (GMT+08:00) - request url: /graphql - host: localhost:8889
